<?xml version="1.0" encoding="UTF-8"?>
<!-- Generated by org.testng.reporters.JUnitReportReporter -->
<testsuite skipped="0" hostname="Jalarambapa" name="com.ultimateqa.courses.testsuite.LoginPageTest" tests="2" failures="0" timestamp="2022-12-13T22:28:21 GMT" time="19.232" errors="0">
  <testcase name="userShouldNavigateToLoginPageSuccessfully" time="10.282" classname="com.ultimateqa.courses.testsuite.LoginPageTest"/>
  <system-out>
    <![CDATA[Clicking on Signing Link [[ChromeDriver: chrome on WINDOWS (8013356039da526637c2d14bf0b0ac0b)] -> xpath: //a[@href='/users/sign_in']]
Verify Welcome Back Text [[ChromeDriver: chrome on WINDOWS (8013356039da526637c2d14bf0b0ac0b)] -> xpath: //h2[@class='page__heading']]]]>
  </system-out>
  <testcase name="verifyTheErrorMessage" time="8.950" classname="com.ultimateqa.courses.testsuite.LoginPageTest"/>
  <system-out>
    <![CDATA[Clicking on Signing Link [[ChromeDriver: chrome on WINDOWS (bfb2cecd7977ad899962750449c22c10)] -> xpath: //a[@href='/users/sign_in']]
Entering Test123545@Gmail.com User Name [[ChromeDriver: chrome on WINDOWS (bfb2cecd7977ad899962750449c22c10)] -> id: user[email]]
Entering [[ChromeDriver: chrome on WINDOWS (bfb2cecd7977ad899962750449c22c10)] -> id: user[password]] Password  [[ChromeDriver: chrome on WINDOWS (bfb2cecd7977ad899962750449c22c10)] -> id: user[password]]
Clicking on Signin Button [[ChromeDriver: chrome on WINDOWS (bfb2cecd7977ad899962750449c22c10)] -> xpath: //button[@type='submit']]
Verify Invalid Crendetial Message [[ChromeDriver: chrome on WINDOWS (bfb2cecd7977ad899962750449c22c10)] -> xpath: //li[contains(text(),'Invalid email or password.')]]]]>
  </system-out>
</testsuite> <!-- com.ultimateqa.courses.testsuite.LoginPageTest -->
